\BOOKMARK [1][-]{section.1}{Indledning}{}% 1
\BOOKMARK [1][-]{section.2}{Krav}{}% 2
\BOOKMARK [1][-]{section.3}{Akt\370rbeskrivelse}{}% 3
\BOOKMARK [1][-]{section.4}{Use case beskrivelse}{}% 4
\BOOKMARK [2][-]{subsubsection.4.0.1}{UC 1 - Turn on filter}{section.4}% 5
\BOOKMARK [3][-]{subsubsection.4.0.2}{UC 2 - Turn off filter}{subsubsection.4.0.1}% 6
\BOOKMARK [3][-]{subsubsection.4.0.3}{UC 3 - Filter aktiv}{subsubsection.4.0.1}% 7
\BOOKMARK [1][-]{section.5}{Ikke-funktionelle krav}{}% 8
\BOOKMARK [2][-]{subsection.5.1}{Problemrelateret krav}{section.5}% 9
\BOOKMARK [2][-]{subsection.5.2}{System og algoritme krav}{section.5}% 10
\BOOKMARK [2][-]{subsection.5.3}{Afledte krav}{section.5}% 11
\BOOKMARK [1][-]{section.6}{Acceptest}{}% 12
\BOOKMARK [1][-]{section.7}{Struktur}{}% 13
\BOOKMARK [2][-]{subsection.7.1}{BlackFin blokforklaring}{section.7}% 14
\BOOKMARK [2][-]{subsection.7.2}{Software arkitektur}{section.7}% 15
\BOOKMARK [1][-]{section.8}{Teori}{}% 16
\BOOKMARK [1][-]{section.9}{Test}{}% 17
\BOOKMARK [2][-]{subsection.9.1}{Matlab simulering}{section.9}% 18
\BOOKMARK [3][-]{subsubsection.9.1.1}{F\370rste test}{subsection.9.1}% 19
\BOOKMARK [3][-]{subsubsection.9.1.2}{Anden test}{subsection.9.1}% 20
\BOOKMARK [2][-]{subsection.9.2}{Cross-core}{section.9}% 21
\BOOKMARK [3][-]{subsubsection.9.2.1}{Overordnet}{subsection.9.2}% 22
\BOOKMARK [3][-]{subsubsection.9.2.2}{Visuel test}{subsection.9.2}% 23
\BOOKMARK [3][-]{subsubsection.9.2.3}{Audio Test}{subsection.9.2}% 24
\BOOKMARK [1][-]{section.10}{Diskussion}{}% 25
